Constructors
  <c:\mizar\prel\h\hidden.dco
  <c:\mizar\prel\r\relat_1.dco
  <c:\mizar\prel\f\funct_1.dco
  <c:\mizar\prel\x\xboole_0.dco
  <c:\mizar\prel\z\zfmisc_1.dco
  <c:\mizar\prel\s\subset_1.dco
  <c:\mizar\prel\t\tarski.dco
  <c:\mizar\prel\o\ordinal1.dco
  <c:\mizar\prel\n\numbers.dco
  <c:\mizar\prel\x\xcmplx_0.dco
  <c:\mizar\prel\x\xreal_0.dco
  <c:\mizar\prel\x\xtuple_0.dco
  <c:\mizar\prel\c\complex1.dco
  <c:\mizar\prel\i\int_1.dco
  <c:\mizar\prel\i\int_2.dco
  <c:\mizar\prel\f\finset_1.dco
  <c:\mizar\prel\c\card_1.dco
  <c:\mizar\prel\f\finseq_1.dco
  <c:\mizar\prel\n\newton.dco
  <c:\mizar\prel\p\partfun1.dco
  <c:\mizar\prel\m\mcart_1.dco
  <c:\mizar\prel\f\funct_2.dco
  <c:\mizar\prel\f\funcop_1.dco
  <c:\mizar\prel\s\struct_0.dco
  <c:\mizar\prel\a\algstr_0.dco
  <c:\mizar\prel\r\rlvect_1.dco
  <c:\mizar\prel\n\normsp_0.dco
  <c:\mizar\prel\n\normsp_1.dco
  <c:\mizar\prel\b\binop_1.dco
  <c:\mizar\prel\v\vectsp_1.dco
  <c:\mizar\prel\g\group_1.dco
  <c:\mizar\prel\x\xxreal_0.dco
  <c:\mizar\prel\n\nat_1.dco
  <c:\mizar\prel\s\setfam_1.dco
  <c:\mizar\prel\r\relat_2.dco
  <c:\mizar\prel\e\eqrel_1.dco
  <c:\mizar\prel\f\finseq_2.dco
  <c:\mizar\prel\f\finseq_3.dco
  <c:\mizar\prel\r\rat_1.dco
  <c:\mizar\prel\v\valued_0.dco
  <c:\mizar\prel\m\membered.dco
  <c:\mizar\prel\v\valued_1.dco
  <c:\mizar\prel\f\finsub_1.dco
  <c:\mizar\prel\c\card_3.dco
  <c:\mizar\prel\w\wellord1.dco
  <c:\mizar\prel\p\pboole.dco
  <c:\mizar\prel\p\pre_poly.dco
  <c:\mizar\prel\p\polynom3.dco
  <c:\mizar\prel\p\polynom1.dco
  <c:\mizar\prel\p\polynom5.dco
  <c:\mizar\prel\c\comptrig.dco
  <c:\mizar\prel\c\complfld.dco
  <c:\mizar\prel\r\ring_4.dco
  <c:\mizar\prel\a\algnum_1.dco
  <c:\mizar\prel\a\algseq_1.dco
  <c:\mizar\prel\f\funcsdom.dco
  <c:\mizar\prel\l\lopban_1.dco
  <c:\mizar\prel\l\lopban_2.dco
  <c:\mizar\prel\c\c0sp1.dco
  <c:\mizar\prel\p\polynom4.dco
  <c:\mizar\prel\f\funct_7.dco
  <c:\mizar\prel\e\enumset1.dco
  <c:\mizar\prel\d\domain_1.dco
  <c:\mizar\prel\p\pre_topc.dco
  <c:\mizar\prel\c\connsp_2.dco
  <c:\mizar\prel\r\relset_1.dco
  <c:\mizar\prel\b\borsuk_1.dco
  <c:\mizar\prel\f\funct_5.dco
  <c:\mizar\prel\m\metric_1.dco
  <c:\mizar\prel\t\topmetr.dco
  <c:\mizar\prel\i\int_3.dco
  <c:\mizar\prel\e\ec_pf_1.dco
  <c:\mizar\prel\b\binop_2.dco
  <c:\mizar\prel\n\nat_d.dco
  <c:\mizar\prel\v\vectsp_2.dco
  <c:\mizar\prel\u\uproots.dco
  <c:\mizar\prel\r\ratfunc1.dco
  <c:\mizar\prel\x\xxreal_1.dco
  <c:\mizar\prel\r\rcomp_1.dco
  <c:\mizar\prel\r\rvsum_1.dco
  <c:\mizar\prel\g\gr_cy_1.dco
  <c:\mizar\prel\f\fvsum_1.dco
  <c:\mizar\prel\g\gaussint.dco
  <c:\mizar\prel\r\realset1.dco
  <c:\mizar\prel\f\fdiff_1.dco
  <c:\mizar\prel\p\polydiff.dco
  <c:\mizar\prel\x\xxreal_2.dco
  <c:\mizar\prel\f\fcont_1.dco
  <c:\mizar\prel\m\measure5.dco
  <c:\mizar\prel\c\comseq_2.dco
  <c:\mizar\prel\l\lattices.dco
  <c:\mizar\prel\g\group_2.dco
  <c:\mizar\prel\g\group_3.dco
  <c:\mizar\prel\g\group_4.dco
  <c:\mizar\prel\f\funct_4.dco
  <c:\mizar\prel\f\finsop_1.dco
  <c:\mizar\prel\a\algstr_1.dco
  <c:\mizar\prel\l\liouvil1.dco
  <c:\mizar\prel\p\power.dco
  The list of all imported constructors
      M   L   V   R   K   U   G
   +HIDDEN
     +2          +2            
      2   0   0   2   0   0   0
   -RELAT_1
             +5     +10        
      2   0   5   2  10   0   0
   -FUNCT_1
             +5      +3        
      2   0  10   2  13   0   0
   -XBOOLE_0
             +1  +3  +5        
      2   0  11   5  18   0   0
   -ZFMISC_1
             +1  +5  +4        
      2   0  12  10  22   0   0
   -SUBSET_1
     +2      +1  +2 +10        
      4   0  13  12  32   0   0
   -TARSKI
                 +3  +4        
      4   0  13  15  36   0   0
   -ORDINAL1
            +10  +1  +6        
      4   0  23  16  42   0   0
   -NUMBERS
                     +6        
      4   0  23  16  48   0   0
   -XCMPLX_0
             +1      +7        
      4   0  24  16  55   0   0
   -XREAL_0
             +1      +1        
      4   0  25  16  56   0   0
   -XTUPLE_0
             +3     +14        
      4   0  28  16  70   0   0
   -COMPLEX1
                     +9        
      4   0  28  16  79   0   0
   -INT_1
             +2  +2  +5        
      4   0  30  18  84   0   0
   -INT_2
             +1  +1  +3        
      4   0  31  19  87   0   0
   -FINSET_1
             +5                
      4   0  36  19  87   0   0
   -CARD_1
             +3      +5        
      4   0  39  19  92   0   0
   -FINSEQ_1
     +2      +3     +20        
      6   0  42  19 112   0   0
   +NEWTON
                    +11        
      6   0  42  19 123   0   0
   -PARTFUN1
             +1  +1  +7        
      6   0  43  20 130   0   0
   -MCART_1
                    +16        
      6   0  43  20 146   0   0
   -FUNCT_2
     +2      +3  +2 +10        
      8   0  46  22 156   0   0
   -FUNCOP_1
             +2     +19        
      8   0  48  22 175   0   0
   -STRUCT_0
         +5 +15  +1  +9  +4  +5
      8   5  63  23 184   4   5
   -ALGSTR_0
         +6 +36     +12  +2  +6
      8  11  99  23 196   6  11
   -RLVECT_1
         +1  +9      +4  +1  +1
      8  12 108  23 200   7  12
   -NORMSP_0
         +2  +4      +5  +1  +2
      8  14 112  23 205   8  14
   -NORMSP_1
         +1  +3      +5      +1
      8  15 115  23 210   8  15
   -BINOP_1
             +3  +8  +4        
      8  15 118  31 214   8  15
   -VECTSP_1
         +1 +13      +4  +1  +1
      8  16 131  31 218   9  16
   -GROUP_1
             +6      +8        
      8  16 137  31 226   9  16
   -XXREAL_0
             +3  +1  +5        
      8  16 140  32 231   9  16
   -NAT_1
                    +10        
      8  16 140  32 241   9  16
   -SETFAM_1
     +1      +3  +2  +9        
      9  16 143  34 250   9  16
   -RELAT_2
             +8  +8            
      9  16 151  42 250   9  16
   -EQREL_1
     +1      +1     +13        
     10  16 152  42 263   9  16
   -FINSEQ_2
     +2              +8        
     12  16 152  42 271   9  16
   -FINSEQ_3
                 +1  +3        
     12  16 152  43 274   9  16
   -RAT_1
             +1      +2        
     12  16 153  43 276   9  16
   -VALUED_0
     +2     +10      +2        
     14  16 163  43 278   9  16
   -MEMBERED
             +7                
     14  16 170  43 278   9  16
   -VALUED_1
             +4     +64        
     14  16 174  43 342   9  16
   -FINSUB_1
             +4      +5        
     14  16 178  43 347   9  16
   -CARD_3
             +5     +13        
     14  16 183  43 360   9  16
   -WELLORD1
             +2  +4  +3        
     14  16 185  47 363   9  16
   -PBOOLE
     +3      +2  +8  +9        
     17  16 187  55 372   9  16
   -PRE_POLY
     +1      +3  +3 +23        
     18  16 190  58 395   9  16
   -POLYNOM3
                 +2 +13        
     18  16 190  60 408   9  16
   -POLYNOM1
             +1     +12        
     18  16 191  60 420   9  16
   -POLYNOM5
             +2  +1 +10        
     18  16 193  61 430   9  16
   -COMPTRIG
     +1              +1        
     19  16 193  61 431   9  16
   -COMPLFLD
     +1              +2        
     20  16 193  61 433   9  16
   -RING_4
     +1      +4  +1 +12        
     21  16 197  62 445   9  16
   +ALGNUM_1
             +2  +1 +10        
     21  16 199  63 455   9  16
   +ALGSEQ_1
                 +1  +2        
     21  16 199  64 457   9  16
   -FUNCSDOM
         +1  +2     +12      +1
     21  17 201  64 469   9  17
   -LOPBAN_1
             +3     +17        
     21  17 204  64 486   9  17
   -LOPBAN_2
         +1  +5      +9      +1
     21  18 209  64 495   9  18
   +C0SP1
     +2      +5     +11        
     23  18 214  64 506   9  18
   +POLYNOM4
                     +3        
     23  18 214  64 509   9  18
   +FUNCT_7
     +2      +1  +1 +14        
     25  18 215  65 523   9  18
   -ENUMSET1
                     +8        
     25  18 215  65 531   9  18
   -DOMAIN_1
                    +17        
     25  18 215  65 548   9  18
   -PRE_TOPC
     +1  +1 +12      +2  +1  +1
     26  19 227  65 550  10  19
   -CONNSP_2
     +2      +2  +2  +1        
     28  19 229  67 551  10  19
   -RELSET_1
                 +2  +8        
     28  19 229  69 559  10  19
   -BORSUK_1
     +1      +3  +2 +19        
     29  19 232  71 578  10  19
   -FUNCT_5
                    +13        
     29  19 232  71 591  10  19
   -METRIC_1
         +1 +12  +1 +14  +1  +1
     29  20 244  72 605  11  20
   +TOPMETR
     +1      +3      +5        
     30  20 247  72 610  11  20
   -INT_3
     +1      +1      +9        
     31  20 248  72 619  11  20
   +EC_PF_1
     +1      +3  +1  +8        
     32  20 251  73 627  11  20
   +BINOP_2
                    +24        
     32  20 251  73 651  11  20
   +NAT_D
                 +1  +7        
     32  20 251  74 658  11  20
   -VECTSP_2
         +2  +5      +5  +1  +2
     32  22 256  74 663  12  22
   +UPROOTS
             +1      +9        
     32  22 257  74 672  12  22
   +RATFUNC1
     +1      +5  +2 +13        
     33  22 262  76 685  12  22
   -XXREAL_1
                     +4        
     33  22 262  76 689  12  22
   +RCOMP_1
     +1      +3      +4        
     34  22 265  76 693  12  22
   -RVSUM_1
                 +1 +22        
     34  22 265  77 715  12  22
   +GR_CY_1
             +1      +5        
     34  22 266  77 720  12  22
   +FVSUM_1
                    +13        
     34  22 266  77 733  12  22
   +GAUSSINT
             +4  +2 +16        
     34  22 270  79 749  12  22
   +REALSET1
     +3          +1  +4        
     37  22 270  80 753  12  22
   -FDIFF_1
             +4  +2  +2        
     37  22 274  82 755  12  22
   +POLYDIFF
                     +5        
     37  22 274  82 760  12  22
   +XXREAL_2
     +2      +6      +2        
     39  22 280  82 762  12  22
   +FCONT_1
             +2  +1  +1        
     39  22 282  83 763  12  22
   +MEASURE5
             +4      +2        
     39  22 286  83 765  12  22
   +COMSEQ_2
             +2      +3        
     39  22 288  83 768  12  22
   -LATTICES
         +3 +21  +3  +7  +2  +3
     39  25 309  86 775  14  25
   -GROUP_2
     +1          +1 +18        
     40  25 309  87 793  14  25
   -GROUP_3
             +1  +6 +11        
     40  25 310  93 804  14  25
   +GROUP_4
             +2     +11        
     40  25 312  93 815  14  25
   -FUNCT_4
                    +13        
     40  25 312  93 828  14  25
   +FINSOP_1
                     +3        
     40  25 312  93 831  14  25
   +ALGSTR_1
             +7      +3        
     40  25 319  93 834  14  25
   +LIOUVIL1
             +2      +9        
     40  25 321  93 843  14  25
   +POWER
                     +4        
     40  25 321  93 847  14  25
Requirements
  <c:\mizar\prel\h\hidden.dre
  <c:\mizar\prel\r\real.dre
  <c:\mizar\prel\n\numerals.dre
  <c:\mizar\prel\s\subset.dre
  <c:\mizar\prel\b\boole.dre
  <c:\mizar\prel\a\arithm.dre
Registrations
  <c:\mizar\prel\x\xreal_0.dcl
  <c:\mizar\prel\r\relat_1.dcl
  <c:\mizar\prel\o\ordinal1.dcl
  <c:\mizar\prel\r\rat_1.dcl
  <c:\mizar\prel\i\int_1.dcl
  <c:\mizar\prel\x\xxreal_0.dcl
  <c:\mizar\prel\i\int_6.dcl
  <c:\mizar\prel\r\rfinseq.dco
  <c:\mizar\prel\f\funct_3.dco
  <c:\mizar\prel\r\rfunct_1.dco
  <c:\mizar\prel\p\partfun3.dco
  <c:\mizar\prel\i\int_6.dco
   The cutting off constructors:
    - RFINSEQ
    - FUNCT_3
    - RFUNCT_1
    - PARTFUN3
    - INT_6
  Inaccessible Clusters

   Existential Cluster: 34
      -*PARTFUN3:V1

   Existential Cluster: 34
      -*PARTFUN3:V1
      -*INT_6:V1

   Functor Cluster: 108
      -*RFINSEQ:K1

   Functor Cluster: 112
      -*PARTFUN3:V1
      -*INT_6:V1

   Functor Cluster: 112
      -*INT_6:K1

   Conditional Cluster: 47
      -*PARTFUN3:V1
      -*INT_6:V1

   Conditional Cluster: 48
      -*INT_6:M1
      -*PARTFUN3:V1
      -*INT_6:V1

  <c:\mizar\prel\v\vectsp_1.dcl
  <c:\mizar\prel\p\polynom3.dcl
  <c:\mizar\prel\w\wellord2.dco
  <c:\mizar\prel\o\orders_1.dco
  <c:\mizar\prel\v\vfunct_1.dco
   The cutting off constructors:
    - WELLORD2
    - ORDERS_1
    - VFUNCT_1
  Inaccessible Clusters

   Functor Cluster: 121
      -*ORDERS_1:V3

   Functor Cluster: 123
      -*VFUNCT_1:K5

  <c:\mizar\prel\s\struct_0.dcl
  <c:\mizar\prel\m\membered.dcl
  <c:\mizar\prel\r\relset_1.dcl
  <c:\mizar\prel\p\polynom5.dcl
  <c:\mizar\prel\r\ring_4.dcl
  <c:\mizar\prel\h\hurwitz.dco
  <c:\mizar\prel\g\gcd_1.dco
  <c:\mizar\prel\q\quofield.dco
  <c:\mizar\prel\m\mod_4.dco
  <c:\mizar\prel\i\ideal_1.dco
  <c:\mizar\prel\r\ring_1.dco
  <c:\mizar\prel\g\group_6.dco
  <c:\mizar\prel\v\vectsp_4.dco
  <c:\mizar\prel\v\vectsp_5.dco
  <c:\mizar\prel\v\vectsp_7.dco
  <c:\mizar\prel\h\hahnban1.dco
  <c:\mizar\prel\v\vectsp10.dco
  <c:\mizar\prel\r\ring_2.dco
  <c:\mizar\prel\r\ring_3.dco
   The cutting off constructors:
    - HURWITZ
    - GCD_1
    - QUOFIELD
    - MOD_4
    - IDEAL_1
    - RING_1
    - GROUP_6
    - VECTSP_4
    - VECTSP_5
    - VECTSP_7
    - HAHNBAN1
    - VECTSP10
    - RING_2
    - RING_3
  Inaccessible Clusters

   Existential Cluster: 92
      -*RING_2:V3
      -*RING_3:V3

   Existential Cluster: 92
      -*RING_2:V3

   Existential Cluster: 92
      -*GCD_1:V1

   Existential Cluster: 92
      -*RING_2:V5

   Existential Cluster: 92
      -*RING_2:V5

   Existential Cluster: 92
      -*RING_2:V5

   Existential Cluster: 92
      -*RING_2:V5

   Existential Cluster: 92
      -*GCD_1:V3

   Functor Cluster: 242
      -*HURWITZ:K3

   Functor Cluster: 244
      -*GROUP_6:V1

   Functor Cluster: 244
      -*MOD_4:V3

   Functor Cluster: 244
      -*RING_2:V3
      -*RING_3:V1

   Functor Cluster: 248
      -*RING_2:K7

   Functor Cluster: 248
      -*IDEAL_1:K7
      -*RING_1:K2

   Functor Cluster: 248
      -*RING_2:V5
      -*IDEAL_1:K7
      -*RING_1:K2

   Functor Cluster: 251
      -*GROUP_6:V1

   Functor Cluster: 251
      -*RING_2:V3

   Functor Cluster: 253
      -*RING_2:V5

   Conditional Cluster: 98
      -*RING_3:V3

   Conditional Cluster: 98
      -*GCD_1:V1

   Conditional Cluster: 98
      -*GCD_1:V1

   Conditional Cluster: 98
      -*GCD_1:V1

   Conditional Cluster: 98
      -*GCD_1:V1

   Conditional Cluster: 98
      -*GCD_1:V1

   Conditional Cluster: 98
      -*GCD_1:V1

   Conditional Cluster: 98
      -*RING_2:V5

   Conditional Cluster: 98
      -*RING_2:V5

   Conditional Cluster: 98
      -*RING_2:V5

   Conditional Cluster: 98
      -*RING_2:V5

   Conditional Cluster: 98
      -*GCD_1:V3

  <c:\mizar\prel\x\xcmplx_0.dcl
  <c:\mizar\prel\n\numbers.dcl
  <c:\mizar\prel\x\xboole_0.dcl
  <c:\mizar\prel\n\nat_1.dcl
  <c:\mizar\prel\v\valued_0.dcl
  <c:\mizar\prel\r\ratfunc1.dcl
  <c:\mizar\prel\h\hurwitz.dco
   The cutting off constructors:
    - HURWITZ
  Inaccessible Clusters

   Functor Cluster: 409
      -*HURWITZ:K3

   Functor Cluster: 413
      -*HURWITZ:K2

   Functor Cluster: 421
      -*HURWITZ:K3

  <c:\mizar\prel\f\finseq_1.dcl
  <c:\mizar\prel\n\newton.dcl
  <c:\mizar\prel\f\finseq_2.dcl
  <c:\mizar\prel\w\wsierp_1.dcl
  <c:\mizar\prel\a\absvalue.dcl
  <c:\mizar\prel\a\absvalue.dco
   The cutting off constructors:
    - ABSVALUE
  Inaccessible Clusters

   Functor Cluster: 479
      -*ABSVALUE:K1

  <c:\mizar\prel\n\niven.dcl
  <c:\mizar\prel\v\vfunct_1.dco
  <c:\mizar\prel\n\niven.dco
   The cutting off constructors:
    - VFUNCT_1
    - NIVEN
  Inaccessible Clusters

   Functor Cluster: 482
      -*NIVEN:K1

   Functor Cluster: 484
      -*NIVEN:K1

   Functor Cluster: 485
      -*VFUNCT_1:K5

   Functor Cluster: 489
      -*NIVEN:K1

  <c:\mizar\prel\c\complfld.dcl
  <c:\mizar\prel\a\algstr_1.dcl
  <c:\mizar\prel\p\polynom4.dcl
  <c:\mizar\prel\c\classes2.dco
  <c:\mizar\prel\g\graph_1.dco
  <c:\mizar\prel\c\cat_1.dco
  <c:\mizar\prel\g\group_6.dco
  <c:\mizar\prel\r\ringcat1.dco
   The cutting off constructors:
    - CLASSES2
    - GRAPH_1
    - CAT_1
    - GROUP_6
    - RINGCAT1
  Inaccessible Clusters

   Functor Cluster: 507
      -*GROUP_6:V1

   Functor Cluster: 507
      -*RINGCAT1:V1

  <c:\mizar\prel\g\gaussint.dcl
  <c:\mizar\prel\p\polyalg1.dco
   The cutting off constructors:
    - POLYALG1
  Inaccessible Clusters

   Existential Cluster: 145
      -*POLYALG1:L1

   Existential Cluster: 145
      -*POLYALG1:L1
      -*POLYALG1:V1
      -*POLYALG1:V2

   Functor Cluster: 521
      -*POLYALG1:V1
      -*POLYALG1:G1

   Functor Cluster: 521
      -*POLYALG1:V1
      -*POLYALG1:V2
      -*POLYALG1:G1

  <c:\mizar\prel\i\int_3.dcl
  <c:\mizar\prel\g\gcd_1.dco
   The cutting off constructors:
    - GCD_1
  Inaccessible Clusters

   Conditional Cluster: 173
      -*GCD_1:V3

  <c:\mizar\prel\s\subset_1.dcl
  <c:\mizar\prel\n\newton04.dcl
  <c:\mizar\prel\r\rfinseq.dco
  <c:\mizar\prel\f\funct_3.dco
  <c:\mizar\prel\r\rfunct_1.dco
  <c:\mizar\prel\p\partfun3.dco
  <c:\mizar\prel\f\finseq_5.dco
  <c:\mizar\prel\a\abian.dco
  <c:\mizar\prel\x\xboolean.dco
  <c:\mizar\prel\m\margrel1.dco
  <c:\mizar\prel\f\fomodel0.dco
  <c:\mizar\prel\r\rfinseq2.dco
  <c:\mizar\prel\n\newton04.dco
   The cutting off constructors:
    - RFINSEQ
    - FUNCT_3
    - RFUNCT_1
    - PARTFUN3
    - FINSEQ_5
    - ABIAN
    - XBOOLEAN
    - MARGREL1
    - FOMODEL0
    - RFINSEQ2
    - NEWTON04
  Inaccessible Clusters

   Functor Cluster: 567
      -*RFINSEQ:K1

   Functor Cluster: 567
      -*RFINSEQ:K1

   Functor Cluster: 567
      -*RFINSEQ:K1

   Functor Cluster: 572
      -*PARTFUN3:V4

   Functor Cluster: 572
      -*PARTFUN3:V3

   Functor Cluster: 572
      -*PARTFUN3:V4

   Functor Cluster: 572
      -*PARTFUN3:V4
      -*RFINSEQ:K2

   Functor Cluster: 573
      -*PARTFUN3:V4

   Functor Cluster: 573
      -*PARTFUN3:V4

   Functor Cluster: 573
      -*PARTFUN3:V3

   Functor Cluster: 573
      -*PARTFUN3:V4

   Functor Cluster: 573
      -*PARTFUN3:V3

   Functor Cluster: 574
      -*RFINSEQ:K1

   Functor Cluster: 574
      -*RFINSEQ:K1
      -*NEWTON04:K2

   Functor Cluster: 576
      -*PARTFUN3:V4

   Functor Cluster: 576
      -*PARTFUN3:V4
      -*RFINSEQ:K1

   Functor Cluster: 576
      -*PARTFUN3:V4
      -*RFINSEQ2:K4

   Functor Cluster: 576
      -*PARTFUN3:V3
      -*RFINSEQ2:K3

   Functor Cluster: 576
      -*FINSEQ_5:K3

   Functor Cluster: 576
      -*FINSEQ_5:K3

   Functor Cluster: 578
      -*PARTFUN3:V4

   Functor Cluster: 579
      -*NEWTON04:K3

   Functor Cluster: 585
      -*NEWTON04:K3

   Functor Cluster: 585
      -*NEWTON04:K3

   Functor Cluster: 585
      -*NEWTON04:K4

   Functor Cluster: 585
      -*NEWTON04:K4

   Functor Cluster: 586
      -*NEWTON04:K4

   Functor Cluster: 587
      -*NEWTON04:K3

   Functor Cluster: 589
      -*NEWTON04:K3

   Functor Cluster: 590
      -*NEWTON04:K4

   Functor Cluster: 590
      -*ABIAN:V1
      -*NEWTON04:K4

   Functor Cluster: 591
      -*PARTFUN3:V4
      -*NEWTON04:K3

   Functor Cluster: 591
      -*PARTFUN3:V4

   Functor Cluster: 591
      -*NEWTON04:K4

   Conditional Cluster: 192
      -*PARTFUN3:V3

   Conditional Cluster: 192
      -*PARTFUN3:V4

   Conditional Cluster: 192
      -*PARTFUN3:V4

   Conditional Cluster: 192
      -*PARTFUN3:V4

  <c:\mizar\prel\u\uproots.dcl
  <c:\mizar\prel\p\polydiff.dcl
  <c:\mizar\prel\t\taylor_1.dco
   The cutting off constructors:
    - TAYLOR_1
  Inaccessible Clusters

   Functor Cluster: 599
      -*TAYLOR_1:K1

  <c:\mizar\prel\x\xxreal_1.dcl
  <c:\mizar\prel\x\xxreal_2.dcl
  <c:\mizar\prel\f\finset_1.dcl
  <c:\mizar\prel\f\fcont_1.dcl
  <c:\mizar\prel\c\complex1.dcl
  <c:\mizar\prel\r\rcomp_1.dcl
  <c:\mizar\prel\i\ideal_1.dcl
  <c:\mizar\prel\i\ideal_1.dco
   The cutting off constructors:
    - IDEAL_1
  Inaccessible Clusters

   Existential Cluster: 182
      -*IDEAL_1:V1

   Existential Cluster: 182
      -*IDEAL_1:V2

   Existential Cluster: 182
      -*IDEAL_1:V3

   Existential Cluster: 182
      -*IDEAL_1:V1
      -*IDEAL_1:V2
      -*IDEAL_1:V3

   Existential Cluster: 182
      -*IDEAL_1:V1
      -*IDEAL_1:V3

   Existential Cluster: 182
      -*IDEAL_1:V1
      -*IDEAL_1:V2

   Existential Cluster: 182
      -*IDEAL_1:V1
      -*IDEAL_1:V2
      -*IDEAL_1:V3

   Existential Cluster: 182
      -*IDEAL_1:M1

   Existential Cluster: 182
      -*IDEAL_1:M2

   Existential Cluster: 182
      -*IDEAL_1:M3

   Existential Cluster: 182
      -*IDEAL_1:V1
      -*IDEAL_1:V2
      -*IDEAL_1:V3
      -*IDEAL_1:V5

   Existential Cluster: 183
      -*IDEAL_1:V6

   Functor Cluster: 708
      -*IDEAL_1:V1

   Functor Cluster: 708
      -*IDEAL_1:V2

   Functor Cluster: 708
      -*IDEAL_1:V3

   Functor Cluster: 708
      -*IDEAL_1:V1
      -*IDEAL_1:K3

   Functor Cluster: 708
      -*IDEAL_1:V1
      -*IDEAL_1:V3
      -*IDEAL_1:K3

   Functor Cluster: 708
      -*IDEAL_1:V1
      -*IDEAL_1:K3

   Functor Cluster: 708
      -*IDEAL_1:V1
      -*IDEAL_1:V3
      -*IDEAL_1:K3

   Functor Cluster: 708
      -*IDEAL_1:K10

   Functor Cluster: 708
      -*IDEAL_1:V1
      -*IDEAL_1:K10

   Functor Cluster: 708
      -*IDEAL_1:V3
      -*IDEAL_1:K10

   Functor Cluster: 708
      -*IDEAL_1:K11

   Functor Cluster: 708
      -*IDEAL_1:V1
      -*IDEAL_1:K11

   Functor Cluster: 708
      -*IDEAL_1:V3
      -*IDEAL_1:K11

   Functor Cluster: 708
      -*IDEAL_1:V2
      -*IDEAL_1:K11

   Functor Cluster: 708
      -*IDEAL_1:V2

   Functor Cluster: 708
      -*IDEAL_1:V1

   Functor Cluster: 708
      -*IDEAL_1:V2

   Functor Cluster: 708
      -*IDEAL_1:V3

   Functor Cluster: 708
      -*IDEAL_1:K14

   Functor Cluster: 708
      -*IDEAL_1:V1
      -*IDEAL_1:K14

   Functor Cluster: 708
      -*IDEAL_1:V3
      -*IDEAL_1:K14

   Functor Cluster: 708
      -*IDEAL_1:V2
      -*IDEAL_1:K14

   Functor Cluster: 708
      -*IDEAL_1:V2
      -*IDEAL_1:K16

   Functor Cluster: 708
      -*IDEAL_1:V1
      -*IDEAL_1:V2
      -*IDEAL_1:K16

   Functor Cluster: 708
      -*IDEAL_1:V2
      -*IDEAL_1:K16

   Functor Cluster: 708
      -*IDEAL_1:V2
      -*IDEAL_1:V3
      -*IDEAL_1:K16

   Functor Cluster: 708
      -*IDEAL_1:K17

   Functor Cluster: 708
      -*IDEAL_1:V1
      -*IDEAL_1:V3
      -*IDEAL_1:K17

   Functor Cluster: 708
      -*IDEAL_1:V2
      -*IDEAL_1:K17

   Functor Cluster: 708
      -*IDEAL_1:V2
      -*IDEAL_1:V3
      -*IDEAL_1:K17

   Functor Cluster: 708
      -*IDEAL_1:V1
      -*IDEAL_1:V2
      -*IDEAL_1:V3
      -*IDEAL_1:V5
      -*IDEAL_1:K7

   Functor Cluster: 708
      -*IDEAL_1:V6

   Conditional Cluster: 227
      -*IDEAL_1:V2
      -*IDEAL_1:V3

   Conditional Cluster: 227
      -*IDEAL_1:V2
      -*IDEAL_1:V3

  <c:\mizar\prel\r\rfunct_1.dcl
  <c:\mizar\prel\f\funct_3.dco
  <c:\mizar\prel\s\seq_2.dco
  <c:\mizar\prel\r\rfunct_1.dco
   The cutting off constructors:
    - FUNCT_3
    - SEQ_2
    - RFUNCT_1
  Inaccessible Clusters

   Functor Cluster: 709
      -*RFUNCT_1:K1

   Functor Cluster: 709
      -*RFUNCT_1:K1

   Functor Cluster: 709
      -*RFUNCT_1:K4

   Functor Cluster: 709
      -*RFUNCT_1:K4

   Functor Cluster: 709
      -*FUNCT_3:K4

   Functor Cluster: 709
      -*SEQ_2:V1

   Functor Cluster: 709
      -*SEQ_2:V2

   Functor Cluster: 709
      -*SEQ_2:V1

   Functor Cluster: 709
      -*SEQ_2:V2

   Functor Cluster: 709
      -*SEQ_2:V1
      -*SEQ_2:V2

   Functor Cluster: 709
      -*SEQ_2:V1
      -*SEQ_2:V2

   Functor Cluster: 709
      -*SEQ_2:V2

   Functor Cluster: 710
      -*SEQ_2:V1
      -*SEQ_2:V2

   Functor Cluster: 710
      -*SEQ_2:V1

   Functor Cluster: 710
      -*SEQ_2:V2

  <c:\mizar\prel\p\prepower.dcl
  <c:\mizar\prel\p\prepower.dco
   The cutting off constructors:
    - PREPOWER
  Inaccessible Clusters

   Functor Cluster: 718
      -*PREPOWER:K2

   Functor Cluster: 718
      -*PREPOWER:K3

   Functor Cluster: 718
      -*PREPOWER:K4

  <c:\mizar\prel\l\liouvil1.dcl
  <c:\mizar\prel\f\funct_3.dco
  <c:\mizar\prel\r\rfunct_1.dco
  <c:\mizar\prel\p\partfun3.dco
  <c:\mizar\prel\a\asympt_0.dco
  <c:\mizar\prel\b\bhsp_1.dco
  <c:\mizar\prel\r\rsspace.dco
  <c:\mizar\prel\s\series_1.dco
  <c:\mizar\prel\s\seq_1.dco
   The cutting off constructors:
    - FUNCT_3
    - RFUNCT_1
    - PARTFUN3
    - ASYMPT_0
    - BHSP_1
    - RSSPACE
    - SERIES_1
    - SEQ_1
  Inaccessible Clusters

   Existential Cluster: 185
      -*PARTFUN3:V1

   Existential Cluster: 186
      -*PARTFUN3:V4

   Functor Cluster: 719
      -*SEQ_1:K1

   Functor Cluster: 719
      -*PARTFUN3:V1
      -*SEQ_1:K1

   Functor Cluster: 719
      -*SERIES_1:K2

   Functor Cluster: 719
      -*SERIES_1:K2

   Functor Cluster: 719
      -*PARTFUN3:V4

   Functor Cluster: 720
      -*SERIES_1:V1

   Functor Cluster: 721
      -*ASYMPT_0:V5
      -*RSSPACE:K2

   Functor Cluster: 722
      -*SERIES_1:V1

   Functor Cluster: 724
      -*PARTFUN3:V4

   Conditional Cluster: 228
      -*ASYMPT_0:V5

  <c:\mizar\prel\a\algnum_1.dcl
  <c:\mizar\prel\g\group_6.dco
  <c:\mizar\prel\i\ideal_1.dco
  <c:\mizar\prel\r\ring_1.dco
  <c:\mizar\prel\v\vectsp_4.dco
  <c:\mizar\prel\v\vectsp_5.dco
  <c:\mizar\prel\v\vectsp_7.dco
  <c:\mizar\prel\h\hahnban1.dco
  <c:\mizar\prel\v\vectsp10.dco
  <c:\mizar\prel\r\ring_2.dco
   The cutting off constructors:
    - GROUP_6
    - IDEAL_1
    - RING_1
    - VECTSP_4
    - VECTSP_5
    - VECTSP_7
    - HAHNBAN1
    - VECTSP10
    - RING_2
  Inaccessible Clusters

   Existential Cluster: 188
      -*RING_2:V5

   Existential Cluster: 189
      -*RING_2:V5

   Functor Cluster: 728
      -*GROUP_6:V1

  <c:\mizar\prel\l\liouvil2.dcl
Notations
  <c:\mizar\prel\h\hidden.dno
  <c:\mizar\prel\t\tarski.dno
  <c:\mizar\prel\x\xboole_0.dno
  <c:\mizar\prel\s\subset_1.dno
  <c:\mizar\prel\f\finset_1.dno
  <c:\mizar\prel\r\relat_1.dno
  <c:\mizar\prel\f\funct_1.dno
  <c:\mizar\prel\r\relset_1.dno
  <c:\mizar\prel\p\partfun1.dno
  <c:\mizar\prel\f\finseq_1.dno
  <c:\mizar\prel\n\numbers.dno
  <c:\mizar\prel\x\xcmplx_0.dno
  <c:\mizar\prel\c\complex1.dno
  <c:\mizar\prel\x\xreal_0.dno
  <c:\mizar\prel\n\nat_1.dno
  <c:\mizar\prel\n\nat_d.dno
  <c:\mizar\prel\f\finseq_2.dno
  <c:\mizar\prel\b\binop_2.dno
  <c:\mizar\prel\s\setwop_2.dno
  <c:\mizar\prel\s\setwop_2.dco
   The cutting off constructors:
    - SETWOP_2
  <c:\mizar\prel\x\xxreal_0.dno
  <c:\mizar\prel\x\xxreal_2.dno
  <c:\mizar\prel\r\rcomp_1.dno
  <c:\mizar\prel\v\valued_0.dno
  <c:\mizar\prel\v\valued_1.dno
  <c:\mizar\prel\i\int_1.dno
  <c:\mizar\prel\p\power.dno
  <c:\mizar\prel\n\newton.dno
  <c:\mizar\prel\r\rat_1.dno
  <c:\mizar\prel\c\comseq_2.dno
  <c:\mizar\prel\m\measure5.dno
  <c:\mizar\prel\i\irrat_1.dno
  <c:\mizar\prel\i\irrat_1.dco
   The cutting off constructors:
    - IRRAT_1
  <c:\mizar\prel\f\fcont_1.dno
  <c:\mizar\prel\f\fdiff_1.dno
  <c:\mizar\prel\r\rvsum_1.dno
  <c:\mizar\prel\s\struct_0.dno
  <c:\mizar\prel\a\algstr_0.dno
  <c:\mizar\prel\r\rlvect_1.dno
  <c:\mizar\prel\g\group_1.dno
  <c:\mizar\prel\g\group_4.dno
  <c:\mizar\prel\v\vectsp_1.dno
  <c:\mizar\prel\c\c0sp1.dno
  <c:\mizar\prel\i\int_3.dno
  <c:\mizar\prel\c\complfld.dno
  <c:\mizar\prel\g\gaussint.dno
  <c:\mizar\prel\p\polyalg1.dco
   The cutting off constructors:
    - POLYALG1
  <c:\mizar\prel\a\algseq_1.dno
  <c:\mizar\prel\p\polynom3.dno
  <c:\mizar\prel\p\polynom4.dno
  <c:\mizar\prel\p\polynom5.dno
  <c:\mizar\prel\u\uproots.dno
  <c:\mizar\prel\r\ratfunc1.dno
  <c:\mizar\prel\r\ring_4.dno
  <c:\mizar\prel\g\gcd_1.dco
   The cutting off constructors:
    - GCD_1
  <c:\mizar\prel\a\algnum_1.dno
  <c:\mizar\prel\p\polydiff.dno
  <c:\mizar\prel\f\fvsum_1.dno
  <c:\mizar\prel\l\liouvil1.dno
Registrations(Identify)
  <c:\mizar\prel\v\vectsp_1.did
  <c:\mizar\prel\c\complfld.did
  <c:\mizar\prel\g\gaussint.did
  <c:\mizar\prel\i\int_3.did
Registrations(Reduction)
  <c:\mizar\prel\x\xreal_0.drd
  <c:\mizar\prel\r\relat_1.drd
  <c:\mizar\prel\i\int_1.drd
  <c:\mizar\prel\x\xxreal_0.drd
  <c:\mizar\prel\v\vectsp_1.drd
  <c:\mizar\prel\x\xcmplx_0.drd
  <c:\mizar\prel\n\nat_1.drd
  <c:\mizar\prel\n\newton.drd
  <c:\mizar\prel\a\absvalue.drd
  <c:\mizar\prel\g\gaussint.drd
  <c:\mizar\prel\s\subset_1.drd
  <c:\mizar\prel\n\newton04.drd
  <c:\mizar\prel\s\square_1.dco
  <c:\mizar\prel\f\funct_3.dco
  <c:\mizar\prel\f\finseq_5.dco
  <c:\mizar\prel\a\abian.dco
  <c:\mizar\prel\x\xboolean.dco
  <c:\mizar\prel\m\margrel1.dco
  <c:\mizar\prel\f\fomodel0.dco
  <c:\mizar\prel\n\newton04.dco
   The cutting off constructors:
    - SQUARE_1
    - FUNCT_3
    - FINSEQ_5
    - ABIAN
    - XBOOLEAN
    - MARGREL1
    - FOMODEL0
    - NEWTON04
  <c:\mizar\prel\p\polydiff.drd
  <c:\mizar\prel\c\complex1.drd
  <c:\mizar\prel\a\algnum_1.drd
Registrations(Properties)
  <c:\mizar\prel\x\xreal_0.dpr
  <c:\mizar\prel\r\relat_1.dpr
  <c:\mizar\prel\o\ordinal1.dpr
  <c:\mizar\prel\x\xxreal_0.dpr
  <c:\mizar\prel\x\xcmplx_0.dpr
Definitions
  <c:\mizar\prel\t\tarski.def
  <c:\mizar\prel\r\relat_1.def
  <c:\mizar\prel\s\struct_0.def
  <c:\mizar\prel\a\algseq_1.def
  <c:\mizar\prel\c\c0sp1.def
  <c:\mizar\prel\i\ideal_1.dco
  <c:\mizar\prel\s\seq_4.dco
   The cutting off constructors:
    - IDEAL_1
    - SEQ_4
  <c:\mizar\prel\p\polynom5.def
  <c:\mizar\prel\r\ratfunc1.def
  <c:\mizar\prel\h\hurwitz.dco
   The cutting off constructors:
    - HURWITZ
  <c:\mizar\prel\a\algnum_1.def
  <c:\mizar\prel\i\ideal_1.dco
  <c:\mizar\prel\h\hurwitz.dco
   The cutting off constructors:
    - IDEAL_1
    - HURWITZ
  <c:\mizar\prel\m\measure5.def
  <c:\mizar\prel\x\xxreal_3.dco
  <c:\mizar\prel\m\member_1.dco
  <c:\mizar\prel\s\supinf_2.dco
   The cutting off constructors:
    - XXREAL_3
    - MEMBER_1
    - SUPINF_2
Definitions
  <c:\mizar\prel\s\struct_0.def
  <c:\mizar\prel\v\vectsp_1.def
  <c:\mizar\prel\g\gaussint.def
  <c:\mizar\prel\q\quofield.dco
   The cutting off constructors:
    - QUOFIELD
  <c:\mizar\prel\r\ratfunc1.def
  <c:\mizar\prel\h\hurwitz.dco
   The cutting off constructors:
    - HURWITZ
  <c:\mizar\prel\p\polynom3.def
  <c:\mizar\prel\f\funct_6.dco
  <c:\mizar\prel\f\funct_3.dco
  <c:\mizar\prel\t\trees_1.dco
  <c:\mizar\prel\t\trees_2.dco
  <c:\mizar\prel\t\trees_3.dco
  <c:\mizar\prel\t\trees_4.dco
  <c:\mizar\prel\w\wsierp_1.dco
  <c:\mizar\prel\r\recdef_1.dco
  <c:\mizar\prel\v\vfunct_1.dco
   The cutting off constructors:
    - FUNCT_6
    - FUNCT_3
    - TREES_1
    - TREES_2
    - TREES_3
    - TREES_4
    - WSIERP_1
    - RECDEF_1
    - VFUNCT_1
  <c:\mizar\prel\i\int_3.def
  <c:\mizar\prel\r\rltopsp1.dco
  <c:\mizar\prel\e\euclid.dco
   The cutting off constructors:
    - RLTOPSP1
    - EUCLID
  <c:\mizar\prel\c\complex1.def
  <c:\mizar\prel\s\square_1.dco
   The cutting off constructors:
    - SQUARE_1
  <c:\mizar\prel\r\realset1.def
  <c:\mizar\prel\p\polydiff.def
  <c:\mizar\prel\x\xcmplx_0.def
  <c:\mizar\prel\a\arytm_0.dco
   The cutting off constructors:
    - ARYTM_0
Definitions
  <c:\mizar\prel\t\tarski.def
  <c:\mizar\prel\a\algnum_1.def
  <c:\mizar\prel\i\ideal_1.dco
  <c:\mizar\prel\h\hurwitz.dco
   The cutting off constructors:
    - IDEAL_1
    - HURWITZ
  <c:\mizar\prel\u\uproots.def
  <c:\mizar\prel\f\funct_6.dco
  <c:\mizar\prel\f\funct_3.dco
  <c:\mizar\prel\t\trees_1.dco
  <c:\mizar\prel\t\trees_2.dco
  <c:\mizar\prel\t\trees_3.dco
  <c:\mizar\prel\t\trees_4.dco
  <c:\mizar\prel\w\wsierp_1.dco
  <c:\mizar\prel\r\recdef_1.dco
   The cutting off constructors:
    - FUNCT_6
    - FUNCT_3
    - TREES_1
    - TREES_2
    - TREES_3
    - TREES_4
    - WSIERP_1
    - RECDEF_1
  <c:\mizar\prel\a\algseq_1.def
  <c:\mizar\prel\r\ratfunc1.def
  <c:\mizar\prel\h\hurwitz.dco
   The cutting off constructors:
    - HURWITZ
  <c:\mizar\prel\p\polynom5.def
  <c:\mizar\prel\f\fdiff_1.def
  <c:\mizar\prel\s\seq_2.dco
   The cutting off constructors:
    - SEQ_2
  <c:\mizar\prel\i\int_1.def
Theorems
  <c:\mizar\prel\x\xreal_0.the
  <c:\mizar\prel\n\newton.the
  <c:\mizar\prel\s\square_1.dco
   The cutting off constructors:
    - SQUARE_1
  <c:\mizar\prel\x\xxreal_0.the
  <c:\mizar\prel\a\arytm_3.dco
  <c:\mizar\prel\a\arytm_2.dco
   The cutting off constructors:
    - ARYTM_3
    - ARYTM_2
  <c:\mizar\prel\x\xreal_1.the
  <c:\mizar\prel\x\xcmplx_1.the
  <c:\mizar\prel\n\nat_1.the
  <c:\mizar\prel\p\prepower.the
  <c:\mizar\prel\s\square_1.dco
  <c:\mizar\prel\s\seq_2.dco
  <c:\mizar\prel\p\prepower.dco
   The cutting off constructors:
    - SQUARE_1
    - SEQ_2
    - PREPOWER
  <c:\mizar\prel\a\algnum_1.the
  <c:\mizar\prel\g\group_6.dco
  <c:\mizar\prel\i\ideal_1.dco
  <c:\mizar\prel\r\ring_1.dco
  <c:\mizar\prel\v\vectsp_4.dco
  <c:\mizar\prel\v\vectsp_5.dco
  <c:\mizar\prel\v\vectsp_7.dco
  <c:\mizar\prel\h\hahnban1.dco
  <c:\mizar\prel\v\vectsp10.dco
  <c:\mizar\prel\r\ring_2.dco
  <c:\mizar\prel\h\hurwitz.dco
   The cutting off constructors:
    - GROUP_6
    - IDEAL_1
    - RING_1
    - VECTSP_4
    - VECTSP_5
    - VECTSP_7
    - HAHNBAN1
    - VECTSP10
    - RING_2
    - HURWITZ
  <c:\mizar\prel\c\complfld.the
  <c:\mizar\prel\r\ring_3.the
  <c:\mizar\prel\b\binom.dco
  <c:\mizar\prel\q\quofield.dco
  <c:\mizar\prel\m\mod_4.dco
  <c:\mizar\prel\c\classes2.dco
  <c:\mizar\prel\g\graph_1.dco
  <c:\mizar\prel\c\cat_1.dco
  <c:\mizar\prel\r\ringcat1.dco
  <c:\mizar\prel\i\ideal_1.dco
  <c:\mizar\prel\r\ring_1.dco
  <c:\mizar\prel\g\group_6.dco
  <c:\mizar\prel\v\vectsp_4.dco
  <c:\mizar\prel\v\vectsp_5.dco
  <c:\mizar\prel\v\vectsp_7.dco
  <c:\mizar\prel\h\hahnban1.dco
  <c:\mizar\prel\v\vectsp10.dco
  <c:\mizar\prel\r\ring_2.dco
  <c:\mizar\prel\m\matrix_0.dco
  <c:\mizar\prel\m\matrlin.dco
  <c:\mizar\prel\m\matrix_1.dco
  <c:\mizar\prel\m\mod_2.dco
  <c:\mizar\prel\f\finseqop.dco
  <c:\mizar\prel\m\matrix_3.dco
  <c:\mizar\prel\m\matrlin2.dco
  <c:\mizar\prel\r\ring_3.dco
   The cutting off constructors:
    - BINOM
    - QUOFIELD
    - MOD_4
    - CLASSES2
    - GRAPH_1
    - CAT_1
    - RINGCAT1
    - IDEAL_1
    - RING_1
    - GROUP_6
    - VECTSP_4
    - VECTSP_5
    - VECTSP_7
    - HAHNBAN1
    - VECTSP10
    - RING_2
    - MATRIX_0
    - MATRLIN
    - MATRIX_1
    - MOD_2
    - FINSEQOP
    - MATRIX_3
    - MATRLIN2
    - RING_3
  <c:\mizar\prel\p\polynom4.the
  <c:\mizar\prel\r\rfinseq.dco
  <c:\mizar\prel\v\vfunct_1.dco
   The cutting off constructors:
    - RFINSEQ
    - VFUNCT_1
  <c:\mizar\prel\u\uproots.the
  <c:\mizar\prel\f\funct_6.dco
  <c:\mizar\prel\f\funct_3.dco
  <c:\mizar\prel\t\trees_1.dco
  <c:\mizar\prel\t\trees_2.dco
  <c:\mizar\prel\t\trees_3.dco
  <c:\mizar\prel\t\trees_4.dco
  <c:\mizar\prel\w\wsierp_1.dco
  <c:\mizar\prel\r\recdef_1.dco
  <c:\mizar\prel\v\vfunct_1.dco
   The cutting off constructors:
    - FUNCT_6
    - FUNCT_3
    - TREES_1
    - TREES_2
    - TREES_3
    - TREES_4
    - WSIERP_1
    - RECDEF_1
    - VFUNCT_1
  <c:\mizar\prel\i\int_1.the
  <c:\mizar\prel\g\gaussint.the
  <c:\mizar\prel\s\square_1.dco
  <c:\mizar\prel\q\quofield.dco
  <c:\mizar\prel\g\gcd_1.dco
  <c:\mizar\prel\p\polyalg1.dco
   The cutting off constructors:
    - SQUARE_1
    - QUOFIELD
    - GCD_1
    - POLYALG1
  <c:\mizar\prel\c\c0sp1.the
  <c:\mizar\prel\r\real_1.dco
  <c:\mizar\prel\b\bhsp_1.dco
  <c:\mizar\prel\r\rsspace.dco
  <c:\mizar\prel\r\rsspace3.dco
  <c:\mizar\prel\i\ideal_1.dco
  <c:\mizar\prel\s\seq_4.dco
   The cutting off constructors:
    - REAL_1
    - BHSP_1
    - RSSPACE
    - RSSPACE3
    - IDEAL_1
    - SEQ_4
  <c:\mizar\prel\f\funct_2.the
  <c:\mizar\prel\a\algseq_1.the
  <c:\mizar\prel\r\rlvect_1.the
  <c:\mizar\prel\f\funct_3.dco
  <c:\mizar\prel\f\finseq_4.dco
   The cutting off constructors:
    - FUNCT_3
    - FINSEQ_4
  <c:\mizar\prel\f\finseq_3.the
  <c:\mizar\prel\f\finseqop.dco
  <c:\mizar\prel\f\funct_6.dco
  <c:\mizar\prel\f\funct_3.dco
   The cutting off constructors:
    - FINSEQOP
    - FUNCT_6
    - FUNCT_3
  <c:\mizar\prel\f\finseq_2.the
  <c:\mizar\prel\z\zfmisc_1.the
  <c:\mizar\prel\f\funct_7.the
  <c:\mizar\prel\r\rfinseq.dco
  <c:\mizar\prel\r\rewrite1.dco
  <c:\mizar\prel\c\classes1.dco
   The cutting off constructors:
    - RFINSEQ
    - REWRITE1
    - CLASSES1
  <c:\mizar\prel\r\ratfunc1.the
  <c:\mizar\prel\h\hurwitz.dco
  <c:\mizar\prel\v\vfunct_1.dco
  <c:\mizar\prel\f\finseq_5.dco
   The cutting off constructors:
    - HURWITZ
    - VFUNCT_1
    - FINSEQ_5
  <c:\mizar\prel\r\relat_1.the
  <c:\mizar\prel\f\finseq_1.the
  <c:\mizar\prel\w\wellord2.dco
   The cutting off constructors:
    - WELLORD2
  <c:\mizar\prel\f\funct_1.the
  <c:\mizar\prel\p\polydiff.the
  <c:\mizar\prel\v\vfunct_1.dco
  <c:\mizar\prel\t\taylor_1.dco
   The cutting off constructors:
    - VFUNCT_1
    - TAYLOR_1
  <c:\mizar\prel\x\xxreal_2.the
  <c:\mizar\prel\r\rolle.the
  <c:\mizar\prel\c\complex1.the
  <c:\mizar\prel\r\real_1.dco
  <c:\mizar\prel\s\square_1.dco
   The cutting off constructors:
    - REAL_1
    - SQUARE_1
  <c:\mizar\prel\p\polynom5.the
  <c:\mizar\prel\c\cfcont_1.dco
  <c:\mizar\prel\h\hahnban1.dco
   The cutting off constructors:
    - CFCONT_1
    - HAHNBAN1
  <c:\mizar\prel\x\xxreal_1.the
  <c:\mizar\prel\x\xboole_0.the
  <c:\mizar\prel\t\tarski.the
  <c:\mizar\prel\f\fdiff_1.the
  <c:\mizar\prel\s\seq_2.dco
  <c:\mizar\prel\p\partfun2.dco
   The cutting off constructors:
    - SEQ_2
    - PARTFUN2
  <c:\mizar\prel\a\absvalue.the
  <c:\mizar\prel\s\square_1.dco
  <c:\mizar\prel\a\absvalue.dco
   The cutting off constructors:
    - SQUARE_1
    - ABSVALUE
  <c:\mizar\prel\v\valued_1.the
  <c:\mizar\prel\s\square_1.dco
   The cutting off constructors:
    - SQUARE_1
  <c:\mizar\prel\i\integra5.the
  <c:\mizar\prel\r\rfunct_2.dco
  <c:\mizar\prel\s\seq_2.dco
  <c:\mizar\prel\i\integra1.dco
  <c:\mizar\prel\s\seq_4.dco
  <c:\mizar\prel\i\integra5.dco
   The cutting off constructors:
    - RFUNCT_2
    - SEQ_2
    - INTEGRA1
    - SEQ_4
    - INTEGRA5
  <c:\mizar\prel\i\integra1.the
  <c:\mizar\prel\r\real_1.dco
  <c:\mizar\prel\f\funct_3.dco
  <c:\mizar\prel\r\rfunct_1.dco
  <c:\mizar\prel\r\rfinseq.dco
  <c:\mizar\prel\x\xxreal_3.dco
  <c:\mizar\prel\m\member_1.dco
  <c:\mizar\prel\s\seq_2.dco
  <c:\mizar\prel\m\measure6.dco
  <c:\mizar\prel\f\finseq_6.dco
  <c:\mizar\prel\s\seq_4.dco
  <c:\mizar\prel\i\integra1.dco
   The cutting off constructors:
    - REAL_1
    - FUNCT_3
    - RFUNCT_1
    - RFINSEQ
    - XXREAL_3
    - MEMBER_1
    - SEQ_2
    - MEASURE6
    - FINSEQ_6
    - SEQ_4
    - INTEGRA1
  <c:\mizar\prel\r\rat_1.the
  <c:\mizar\prel\n\nat_3.the
  <c:\mizar\prel\f\funct_6.dco
  <c:\mizar\prel\f\funct_3.dco
  <c:\mizar\prel\t\trees_1.dco
  <c:\mizar\prel\t\trees_2.dco
  <c:\mizar\prel\t\trees_3.dco
  <c:\mizar\prel\t\trees_4.dco
  <c:\mizar\prel\w\wsierp_1.dco
  <c:\mizar\prel\n\nat_3.dco
   The cutting off constructors:
    - FUNCT_6
    - FUNCT_3
    - TREES_1
    - TREES_2
    - TREES_3
    - TREES_4
    - WSIERP_1
    - NAT_3
  <c:\mizar\prel\f\fvsum_1.the
  <c:\mizar\prel\s\setwiseo.dco
  <c:\mizar\prel\f\finseqop.dco
  <c:\mizar\prel\f\finseq_4.dco
   The cutting off constructors:
    - SETWISEO
    - FINSEQOP
    - FINSEQ_4
  <c:\mizar\prel\n\niven.the
  <c:\mizar\prel\s\sin_cos.dco
  <c:\mizar\prel\h\hurwitz.dco
  <c:\mizar\prel\v\vfunct_1.dco
  <c:\mizar\prel\n\niven.dco
   The cutting off constructors:
    - SIN_COS
    - HURWITZ
    - VFUNCT_1
    - NIVEN
  <c:\mizar\prel\n\nat_d.the
  <c:\mizar\prel\r\rvsum_1.the
  <c:\mizar\prel\s\square_1.dco
  <c:\mizar\prel\f\finseqop.dco
  <c:\mizar\prel\f\finseq_4.dco
   The cutting off constructors:
    - SQUARE_1
    - FINSEQOP
    - FINSEQ_4
  <c:\mizar\prel\i\int_2.the
  <c:\mizar\prel\x\xcmplx_0.the
  <c:\mizar\prel\a\arytm_0.dco
   The cutting off constructors:
    - ARYTM_0
  <c:\mizar\prel\n\numbers.the
  <c:\mizar\prel\a\arytm_3.dco
  <c:\mizar\prel\a\arytm_2.dco
   The cutting off constructors:
    - ARYTM_3
    - ARYTM_2
  <c:\mizar\prel\r\ring_2.the
  <c:\mizar\prel\i\ideal_1.dco
  <c:\mizar\prel\r\ring_1.dco
  <c:\mizar\prel\g\gcd_1.dco
  <c:\mizar\prel\q\quofield.dco
  <c:\mizar\prel\m\mod_4.dco
  <c:\mizar\prel\g\group_6.dco
  <c:\mizar\prel\c\classes2.dco
  <c:\mizar\prel\g\graph_1.dco
  <c:\mizar\prel\c\cat_1.dco
  <c:\mizar\prel\r\ringcat1.dco
  <c:\mizar\prel\h\hurwitz.dco
  <c:\mizar\prel\v\vectsp_4.dco
  <c:\mizar\prel\v\vectsp_5.dco
  <c:\mizar\prel\v\vectsp_7.dco
  <c:\mizar\prel\h\hahnban1.dco
  <c:\mizar\prel\v\vectsp10.dco
  <c:\mizar\prel\r\ring_2.dco
   The cutting off constructors:
    - IDEAL_1
    - RING_1
    - GCD_1
    - QUOFIELD
    - MOD_4
    - GROUP_6
    - CLASSES2
    - GRAPH_1
    - CAT_1
    - RINGCAT1
    - HURWITZ
    - VECTSP_4
    - VECTSP_5
    - VECTSP_7
    - HAHNBAN1
    - VECTSP10
    - RING_2
  <c:\mizar\prel\g\group_4.the
  <c:\mizar\prel\f\finseq_4.dco
   The cutting off constructors:
    - FINSEQ_4
  <c:\mizar\prel\l\liouvil1.the
  <c:\mizar\prel\p\prepower.dco
  <c:\mizar\prel\f\funct_3.dco
  <c:\mizar\prel\r\rfunct_1.dco
  <c:\mizar\prel\p\partfun3.dco
  <c:\mizar\prel\s\series_1.dco
  <c:\mizar\prel\s\seq_1.dco
  <c:\mizar\prel\a\asympt_3.dco
   The cutting off constructors:
    - PREPOWER
    - FUNCT_3
    - RFUNCT_1
    - PARTFUN3
    - SERIES_1
    - SEQ_1
    - ASYMPT_3
  <c:\mizar\prel\l\liouvil2.the
  <c:\mizar\prel\p\power.the
  <c:\mizar\prel\s\square_1.dco
  <c:\mizar\prel\s\seq_2.dco
  <c:\mizar\prel\p\prepower.dco
  <c:\mizar\prel\a\abian.dco
   The cutting off constructors:
    - SQUARE_1
    - SEQ_2
    - PREPOWER
    - ABIAN
  <c:\mizar\prel\p\polynom3.the
  <c:\mizar\prel\f\finseq_5.dco
  <c:\mizar\prel\f\funct_6.dco
  <c:\mizar\prel\f\funct_3.dco
  <c:\mizar\prel\t\trees_1.dco
  <c:\mizar\prel\t\trees_2.dco
  <c:\mizar\prel\t\trees_3.dco
  <c:\mizar\prel\t\trees_4.dco
  <c:\mizar\prel\w\wsierp_1.dco
  <c:\mizar\prel\r\recdef_1.dco
  <c:\mizar\prel\m\matrix_0.dco
  <c:\mizar\prel\m\matrlin.dco
  <c:\mizar\prel\v\vfunct_1.dco
   The cutting off constructors:
    - FINSEQ_5
    - FUNCT_6
    - FUNCT_3
    - TREES_1
    - TREES_2
    - TREES_3
    - TREES_4
    - WSIERP_1
    - RECDEF_1
    - MATRIX_0
    - MATRLIN
    - VFUNCT_1
Schemes
  <c:\mizar\prel\f\fraenkel.sch
  <c:\mizar\prel\f\finseq_1.sch
  <c:\mizar\prel\f\finseq_2.sch
  <c:\mizar\prel\p\polynom3.sch
  <c:\mizar\prel\r\recdef_1.sch
